<?xml version="1.0" encoding="UTF-8"?>
<testng-results ignored="0" total="1" passed="1" failed="0" skipped="0">
  <reporter-output>
  </reporter-output>
  <suite started-at="2026-05-11T22:30:10 IST" name="com.automation.SearchAddToCartTest" finished-at="2026-05-11T22:30:18 IST" duration-ms="8042">
    <groups>
    </groups>
    <test started-at="2026-05-11T22:30:10 IST" name="Command line test" finished-at="2026-05-11T22:30:18 IST" duration-ms="8042">
      <class name="com.automation.SearchAddToCartTest">
        <test-method signature="addProductToCartTest()[pri:0, instance:com.automation.SearchAddToCartTest@17baae6e]" started-at="2026-05-11T22:30:10 IST" name="addProductToCartTest" finished-at="2026-05-11T22:30:18 IST" duration-ms="8022" status="PASS">
          <reporter-output>
          </reporter-output>
        </test-method> <!-- addProductToCartTest -->
      </class> <!-- com.automation.SearchAddToCartTest -->
    </test> <!-- Command line test -->
  </suite> <!-- com.automation.SearchAddToCartTest -->
</testng-results>
