<?xml version="1.0" encoding="UTF-8"?>
<testng-results ignored="0" total="1" passed="1" failed="0" skipped="0">
  <reporter-output>
  </reporter-output>
  <suite started-at="2026-05-11T22:36:03 IST" name="Surefire suite" finished-at="2026-05-11T22:36:11 IST" duration-ms="7592">
    <groups>
    </groups>
    <test started-at="2026-05-11T22:36:03 IST" name="Surefire test" finished-at="2026-05-11T22:36:11 IST" duration-ms="7592">
      <class name="com.automation.SearchAddToCartTest">
        <test-method signature="addProductToCartTest()[pri:0, instance:com.automation.SearchAddToCartTest@770c2e6b]" started-at="2026-05-11T22:36:03 IST" name="addProductToCartTest" finished-at="2026-05-11T22:36:11 IST" duration-ms="7564" status="PASS">
          <reporter-output>
          </reporter-output>
        </test-method> <!-- addProductToCartTest -->
      </class> <!-- com.automation.SearchAddToCartTest -->
    </test> <!-- Surefire test -->
  </suite> <!-- Surefire suite -->
</testng-results>
